2024-04-01T06:12:17.962Z - AutomaqNeumaticos | status=200 | {"message":"App migrated successfully","status":"success"}
2024-04-01T06:12:24.193Z - AutomaqNeumaticos | status=200 | {"message":"App migrated successfully","status":"success"}
2024-04-01T06:12:26.674Z - w6bqhiu02vl | Data appended to csv file succesfully
2024-04-01T06:12:26.674Z - ComfortHouse | status=200 | {"message":"App migrated successfully","status":"success"}
2024-04-01T06:12:29.143Z - w6bqhiu02vl | Data appended to csv file succesfully
2024-04-01T06:12:29.143Z - Copipunto | status=200 | {"message":"App migrated successfully","status":"success"}
2024-04-01T06:12:31.791Z - w6bqhiu02vl | Data appended to csv file succesfully
2024-04-01T06:12:31.791Z - GodsPan | status=200 | {"message":"App migrated successfully","status":"success"}
2024-04-01T06:12:34.302Z - Reimpex | status=200 | {"message":"App migrated successfully","status":"success"}
2024-04-01T06:12:34.302Z - w6bqhiu02vl | Data appended to csv file succesfully
2024-04-01T06:12:36.868Z - w6bqhiu02vl | Data appended to csv file succesfully
2024-04-01T06:12:36.868Z - Rochester | status=200 | {"message":"App migrated successfully","status":"success"}
2024-04-01T06:12:39.377Z - w6bqhiu02vl | Data appended to csv file succesfully
2024-04-01T06:12:39.377Z - SigoPy | status=200 | {"message":"App migrated successfully","status":"success"}
2024-04-01T06:12:41.914Z - w6bqhiu02vl | Data appended to csv file succesfully
2024-04-01T06:12:41.914Z - Suenolar | status=200 | {"message":"App migrated successfully","status":"success"}
2024-04-01T06:12:44.543Z - SuenolarKoala | status=200 | {"message":"App migrated successfully","status":"success"}
2024-04-01T06:12:44.543Z - w6bqhiu02vl | Data appended to csv file succesfully
2024-04-01T06:52:05.842Z - AutomaqNeumaticos | status=200 | {"message":"App migrated successfully","status":"success"}
2024-04-01T06:52:08.471Z - l7mbavuy5e | Data appended to csv file succesfully
2024-04-01T06:52:08.471Z - ComfortHouse | status=200 | {"message":"App migrated successfully","status":"success"}
2024-04-01T06:52:11.089Z - Copipunto | status=200 | {"message":"App migrated successfully","status":"success"}
2024-04-01T06:52:11.089Z - l7mbavuy5e | Data appended to csv file succesfully
2024-04-01T06:52:13.647Z - l7mbavuy5e | Data appended to csv file succesfully
2024-04-01T06:52:13.648Z - GodsPan | status=200 | {"message":"App migrated successfully","status":"success"}
2024-04-01T06:52:16.118Z - l7mbavuy5e | Data appended to csv file succesfully
2024-04-01T06:52:16.118Z - Reimpex | status=200 | {"message":"App migrated successfully","status":"success"}
2024-04-01T06:52:18.624Z - l7mbavuy5e | Data appended to csv file succesfully
2024-04-01T06:52:18.624Z - Rochester | status=200 | {"message":"App migrated successfully","status":"success"}
